{"numFailedTestSuites":0,"numFailedTests":0,"numPassedTestSuites":39,"numPassedTests":295,"numPendingTestSuites":0,"numPendingTests":0,"numRuntimeErrorTestSuites":0,"numTodoTests":0,"numTotalTestSuites":39,"numTotalTests":295,"openHandles":[],"snapshot":{"added":0,"didUpdate":false,"failure":false,"filesAdded":0,"filesRemoved":0,"filesRemovedList":[],"filesUnmatched":0,"filesUpdated":0,"matched":42,"total":42,"unchecked":0,"uncheckedKeysByFile":[],"unmatched":0,"updated":0},"startTime":1635427781114,"success":true,"testResults":[{"assertionResults":[{"ancestorTitles":["Card"],"failureMessages":[],"fullName":"Card Matches snapshot","location":null,"status":"passed","title":"Matches snapshot"},{"ancestorTitles":["Card"],"failureMessages":[],"fullName":"Card Has correct color","location":null,"status":"passed","title":"Has correct color"},{"ancestorTitles":["Card"],"failureMessages":[],"fullName":"Card Has provided title and subtitle in CardHeaderTitle","location":null,"status":"passed","title":"Has provided title and subtitle in CardHeaderTitle"},{"ancestorTitles":["Card"],"failureMessages":[],"fullName":"Card Has provided image source and placement in Media","location":null,"status":"passed","title":"Has provided image source and placement in Media"},{"ancestorTitles":["Card"],"failureMessages":[],"fullName":"Card CardActions items are placed correctly","location":null,"status":"passed","title":"CardActions items are placed correctly"},{"ancestorTitles":["Card"],"failureMessages":[],"fullName":"Card Can extend the css for the Card Component","location":null,"status":"passed","title":"Can extend the css for the Card Component"},{"ancestorTitles":["Card"],"failureMessages":[],"fullName":"Card Can extend the css for the Header Component","location":null,"status":"passed","title":"Can extend the css for the Header Component"},{"ancestorTitles":["Card"],"failureMessages":[],"fullName":"Card Can extend the css for the HeaderTitle Component","location":null,"status":"passed","title":"Can extend the css for the HeaderTitle Component"},{"ancestorTitles":["Card"],"failureMessages":[],"fullName":"Card Can extend the css for the Media Component","location":null,"status":"passed","title":"Can extend the css for the Media Component"},{"ancestorTitles":["Card"],"failureMessages":[],"fullName":"Card Can extend the css for the Actions Component","location":null,"status":"passed","title":"Can extend the css for the Actions Component"}],"endTime":1635427826746,"message":"","name":"C:\\git\\design-system\\libraries\\core-react\\src\\components\\Card\\Card.test.tsx","startTime":1635427793351,"status":"passed","summary":""},{"assertionResults":[{"ancestorTitles":["Chips"],"failureMessages":[],"fullName":"Chips Matches snapshot","location":null,"status":"passed","title":"Matches snapshot"},{"ancestorTitles":["Chips"],"failureMessages":[],"fullName":"Chips Can extend the css for the component","location":null,"status":"passed","title":"Can extend the css for the component"},{"ancestorTitles":["Chips"],"failureMessages":[],"fullName":"Chips Has provided text","location":null,"status":"passed","title":"Has provided text"},{"ancestorTitles":["Chips"],"failureMessages":[],"fullName":"Chips Has provided Icon","location":null,"status":"passed","title":"Has provided Icon"},{"ancestorTitles":["Chips"],"failureMessages":[],"fullName":"Chips Has correct styling when Icon is provided","location":null,"status":"passed","title":"Has correct styling when Icon is provided"},{"ancestorTitles":["Chips"],"failureMessages":[],"fullName":"Chips Has provided Avatar","location":null,"status":"passed","title":"Has provided Avatar"},{"ancestorTitles":["Chips"],"failureMessages":[],"fullName":"Chips Has correct styling when Avatar is provided","location":null,"status":"passed","title":"Has correct styling when Avatar is provided"},{"ancestorTitles":["Chips"],"failureMessages":[],"fullName":"Chips Has called handleDelete once with props when close icon is clicked","location":null,"status":"passed","title":"Has called handleDelete once with props when close icon is clicked"},{"ancestorTitles":["Chips"],"failureMessages":[],"fullName":"Chips Has called handleClick once with props when clicked","location":null,"status":"passed","title":"Has called handleClick once with props when clicked"},{"ancestorTitles":["Chips"],"failureMessages":[],"fullName":"Chips Has called handleClick once with props when pressed Enter","location":null,"status":"passed","title":"Has called handleClick once with props when pressed Enter"},{"ancestorTitles":["Chips"],"failureMessages":[],"fullName":"Chips Has correct active styling","location":null,"status":"passed","title":"Has correct active styling"},{"ancestorTitles":["Chips"],"failureMessages":[],"fullName":"Chips Has some correct error styling","location":null,"status":"passed","title":"Has some correct error styling"}],"endTime":1635427830644,"message":"","name":"C:\\git\\design-system\\libraries\\core-react\\src\\components\\Chip\\Chip.test.tsx","startTime":1635427793350,"status":"passed","summary":""},{"assertionResults":[{"ancestorTitles":["Simple slider"],"failureMessages":[],"fullName":"Simple slider Matches snapshot","location":null,"status":"passed","title":"Matches snapshot"},{"ancestorTitles":["Simple slider"],"failureMessages":[],"fullName":"Simple slider Creates a simple slider when providing a number as value","location":null,"status":"passed","title":"Creates a simple slider when providing a number as value"},{"ancestorTitles":["Simple slider"],"failureMessages":[],"fullName":"Simple slider Sets the aria label","location":null,"status":"passed","title":"Sets the aria label"},{"ancestorTitles":["Simple slider"],"failureMessages":[],"fullName":"Simple slider Can set min, max and step values","location":null,"status":"passed","title":"Can set min, max and step values"},{"ancestorTitles":["Simple slider"],"failureMessages":[],"fullName":"Simple slider Updates output according to value change","location":null,"status":"passed","title":"Updates output according to value change"},{"ancestorTitles":["Simple slider"],"failureMessages":[],"fullName":"Simple slider Can format the output if a formatting function is provided","location":null,"status":"passed","title":"Can format the output if a formatting function is provided"},{"ancestorTitles":["Simple slider"],"failureMessages":[],"fullName":"Simple slider Has minimum and maximum values as default","location":null,"status":"passed","title":"Has minimum and maximum values as default"},{"ancestorTitles":["Simple slider"],"failureMessages":[],"fullName":"Simple slider It is possible to turn off minimum and maximum values","location":null,"status":"passed","title":"It is possible to turn off minimum and maximum values"},{"ancestorTitles":["Range slider"],"failureMessages":[],"fullName":"Range slider Creates a range slider when providing an array as value","location":null,"status":"passed","title":"Creates a range slider when providing an array as value"},{"ancestorTitles":["Range slider"],"failureMessages":[],"fullName":"Range slider Can set min, max and step values","location":null,"status":"passed","title":"Can set min, max and step values"},{"ancestorTitles":["Range slider"],"failureMessages":[],"fullName":"Range slider Updates output according to value change","location":null,"status":"passed","title":"Updates output according to value change"},{"ancestorTitles":["Range slider"],"failureMessages":[],"fullName":"Range slider Can format the output if a formatting function is provided","location":null,"status":"passed","title":"Can format the output if a formatting function is provided"},{"ancestorTitles":["Range slider"],"failureMessages":[],"fullName":"Range slider Sets the aria label","location":null,"status":"passed","title":"Sets the aria label"},{"ancestorTitles":["Range slider"],"failureMessages":[],"fullName":"Range slider Has minimum and maximum values as default","location":null,"status":"passed","title":"Has minimum and maximum values as default"},{"ancestorTitles":["Range slider"],"failureMessages":[],"fullName":"Range slider It is possible to turn off minimum and maximum values","location":null,"status":"passed","title":"It is possible to turn off minimum and maximum values"}],"endTime":1635427831656,"message":"","name":"C:\\git\\design-system\\libraries\\core-react\\src\\components\\Slider\\Slider.test.tsx","startTime":1635427793349,"status":"passed","summary":""},{"assertionResults":[{"ancestorTitles":["Tabs"],"failureMessages":[],"fullName":"Tabs Matches snapshot","location":null,"status":"passed","title":"Matches snapshot"},{"ancestorTitles":["Tabs"],"failureMessages":[],"fullName":"Tabs Renders a tablist with three tabs","location":null,"status":"passed","title":"Renders a tablist with three tabs"},{"ancestorTitles":["Tabs"],"failureMessages":[],"fullName":"Tabs Merges forwarded and local refs","location":null,"status":"passed","title":"Merges forwarded and local refs"},{"ancestorTitles":["Tabs"],"failureMessages":[],"fullName":"Tabs Switches tabpanel when tab is clicked","location":null,"status":"passed","title":"Switches tabpanel when tab is clicked"},{"ancestorTitles":["Tabs"],"failureMessages":[],"fullName":"Tabs Switches tabpanel when arrow key is clicked","location":null,"status":"passed","title":"Switches tabpanel when arrow key is clicked"},{"ancestorTitles":["Tabs"],"failureMessages":[],"fullName":"Tabs Skips disabled tabs when navigating using arrowkeys","location":null,"status":"passed","title":"Skips disabled tabs when navigating using arrowkeys"},{"ancestorTitles":["Tabs"],"failureMessages":[],"fullName":"Tabs Doesn't crash if no children is provided","location":null,"status":"passed","title":"Doesn't crash if no children is provided"},{"ancestorTitles":["Tabs"],"failureMessages":[],"fullName":"Tabs Doesn't crash if no children is provided to Tabs.Panel","location":null,"status":"passed","title":"Doesn't crash if no children is provided to Tabs.Panel"},{"ancestorTitles":["Tabs"],"failureMessages":[],"fullName":"Tabs Doesn't crash if no children is provided to Tabs.Tab","location":null,"status":"passed","title":"Doesn't crash if no children is provided to Tabs.Tab"},{"ancestorTitles":["Tabs"],"failureMessages":[],"fullName":"Tabs Doesn't crash if no children is provided to Tabs.List or Tabs.Panels","location":null,"status":"passed","title":"Doesn't crash if no children is provided to Tabs.List or Tabs.Panels"}],"endTime":1635427831542,"message":"","name":"C:\\git\\design-system\\libraries\\core-react\\src\\components\\Tabs\\Tabs.test.tsx","startTime":1635427793350,"status":"passed","summary":""},{"assertionResults":[{"ancestorTitles":["NativeSelect"],"failureMessages":[],"fullName":"NativeSelect Matches snapshot","location":null,"status":"passed","title":"Matches snapshot"},{"ancestorTitles":["NativeSelect"],"failureMessages":[],"fullName":"NativeSelect Has provided label","location":null,"status":"passed","title":"Has provided label"},{"ancestorTitles":["NativeSelect"],"failureMessages":[],"fullName":"NativeSelect Can be disabled","location":null,"status":"passed","title":"Can be disabled"},{"ancestorTitles":["NativeSelect"],"failureMessages":[],"fullName":"NativeSelect Can preselect a specific option","location":null,"status":"passed","title":"Can preselect a specific option"},{"ancestorTitles":["NativeSelect"],"failureMessages":[],"fullName":"NativeSelect Can be a controlled component","location":null,"status":"passed","title":"Can be a controlled component"},{"ancestorTitles":["NativeSelect"],"failureMessages":[],"fullName":"NativeSelect Can select multiple elements","location":null,"status":"passed","title":"Can select multiple elements"},{"ancestorTitles":["NativeSelect"],"failureMessages":[],"fullName":"NativeSelect Can extend the css for the component","location":null,"status":"passed","title":"Can extend the css for the component"}],"endTime":1635427831796,"message":"","name":"C:\\git\\design-system\\libraries\\core-react\\src\\components\\Select\\NativeSelect\\NativeSelect.test.tsx","startTime":1635427827861,"status":"passed","summary":""},{"assertionResults":[{"ancestorTitles":["Menu"],"failureMessages":[],"fullName":"Menu Matches snapshot","location":null,"status":"passed","title":"Matches snapshot"},{"ancestorTitles":["Menu"],"failureMessages":[],"fullName":"Menu Can extend the css for the component","location":null,"status":"passed","title":"Can extend the css for the component"},{"ancestorTitles":["Menu"],"failureMessages":[],"fullName":"Menu is visible when open is true & anchorEl is set","location":null,"status":"passed","title":"is visible when open is true & anchorEl is set"},{"ancestorTitles":["Menu"],"failureMessages":[],"fullName":"Menu has rendered Menu.Item","location":null,"status":"passed","title":"has rendered Menu.Item"},{"ancestorTitles":["Menu"],"failureMessages":[],"fullName":"Menu has rendered Menu.Section with Menu.Item & title","location":null,"status":"passed","title":"has rendered Menu.Section with Menu.Item & title"},{"ancestorTitles":["Menu"],"failureMessages":[],"fullName":"Menu has called onClose when Menu.Item is clicked","location":null,"status":"passed","title":"has called onClose when Menu.Item is clicked"},{"ancestorTitles":["Menu"],"failureMessages":[],"fullName":"Menu has first menuItem focused when focus is set to first","location":null,"status":"passed","title":"has first menuItem focused when focus is set to first"},{"ancestorTitles":["Menu"],"failureMessages":[],"fullName":"Menu has last menuItem focused when focus is set to last","location":null,"status":"passed","title":"has last menuItem focused when focus is set to last"},{"ancestorTitles":["Menu"],"failureMessages":[],"fullName":"Menu has called onClose when Menu.Item is clicked from inside a Menu.Section","location":null,"status":"passed","title":"has called onClose when Menu.Item is clicked from inside a Menu.Section"}],"endTime":1635427835216,"message":"","name":"C:\\git\\design-system\\libraries\\core-react\\src\\components\\Menu\\Menu.test.tsx","startTime":1635427793351,"status":"passed","summary":""},{"assertionResults":[{"ancestorTitles":["SingleSelect"],"failureMessages":[],"fullName":"SingleSelect Matches snapshot","location":null,"status":"passed","title":"Matches snapshot"},{"ancestorTitles":["SingleSelect"],"failureMessages":[],"fullName":"SingleSelect Has provided label","location":null,"status":"passed","title":"Has provided label"},{"ancestorTitles":["SingleSelect"],"failureMessages":[],"fullName":"SingleSelect Can be disabled","location":null,"status":"passed","title":"Can be disabled"},{"ancestorTitles":["SingleSelect"],"failureMessages":[],"fullName":"SingleSelect Can preselect a specific option","location":null,"status":"passed","title":"Can preselect a specific option"},{"ancestorTitles":["SingleSelect"],"failureMessages":[],"fullName":"SingleSelect Can open the options on button click","location":null,"status":"passed","title":"Can open the options on button click"},{"ancestorTitles":["SingleSelect"],"failureMessages":[],"fullName":"SingleSelect Can filter results by contains search","location":null,"status":"passed","title":"Can filter results by contains search"},{"ancestorTitles":["SingleSelect"],"failureMessages":[],"fullName":"SingleSelect Can be opened by using the keyboard","location":null,"status":"passed","title":"Can be opened by using the keyboard"},{"ancestorTitles":["SingleSelect"],"failureMessages":[],"fullName":"SingleSelect Will focus on the first item when opening the list with the keyboard","location":null,"status":"passed","title":"Will focus on the first item when opening the list with the keyboard"},{"ancestorTitles":["SingleSelect"],"failureMessages":[],"fullName":"SingleSelect Can navigate between the options the keyboard","location":null,"status":"passed","title":"Can navigate between the options the keyboard"},{"ancestorTitles":["SingleSelect"],"failureMessages":[],"fullName":"SingleSelect Can be a controlled component","location":null,"status":"passed","title":"Can be a controlled component"},{"ancestorTitles":["SingleSelect"],"failureMessages":[],"fullName":"SingleSelect Can extend the css for the component","location":null,"status":"passed","title":"Can extend the css for the component"}],"endTime":1635427835630,"message":"","name":"C:\\git\\design-system\\libraries\\core-react\\src\\components\\Select\\SingleSelect\\SingleSelect.test.tsx","startTime":1635427793350,"status":"passed","summary":""},{"assertionResults":[{"ancestorTitles":["MultiSelect"],"failureMessages":[],"fullName":"MultiSelect Matches snapshot","location":null,"status":"passed","title":"Matches snapshot"},{"ancestorTitles":["MultiSelect"],"failureMessages":[],"fullName":"MultiSelect Has provided label","location":null,"status":"passed","title":"Has provided label"},{"ancestorTitles":["MultiSelect"],"failureMessages":[],"fullName":"MultiSelect Can be disabled","location":null,"status":"passed","title":"Can be disabled"},{"ancestorTitles":["MultiSelect"],"failureMessages":[],"fullName":"MultiSelect Can preselect specific options","location":null,"status":"passed","title":"Can preselect specific options"},{"ancestorTitles":["MultiSelect"],"failureMessages":[],"fullName":"MultiSelect Can open the options on button click","location":null,"status":"passed","title":"Can open the options on button click"},{"ancestorTitles":["MultiSelect"],"failureMessages":[],"fullName":"MultiSelect Can be a controlled component","location":null,"status":"passed","title":"Can be a controlled component"},{"ancestorTitles":["MultiSelect"],"failureMessages":[],"fullName":"MultiSelect Can filter results by contains search","location":null,"status":"passed","title":"Can filter results by contains search"},{"ancestorTitles":["MultiSelect"],"failureMessages":[],"fullName":"MultiSelect Can extend the css for the component","location":null,"status":"passed","title":"Can extend the css for the component"}],"endTime":1635427835434,"message":"","name":"C:\\git\\design-system\\libraries\\core-react\\src\\components\\Select\\MultiSelect\\MultiSelect.test.tsx","startTime":1635427793350,"status":"passed","summary":""},{"assertionResults":[{"ancestorTitles":["MultiSelect"],"failureMessages":[],"fullName":"MultiSelect Matches snapshot","location":null,"status":"passed","title":"Matches snapshot"},{"ancestorTitles":["MultiSelect"],"failureMessages":[],"fullName":"MultiSelect Has provided label","location":null,"status":"passed","title":"Has provided label"},{"ancestorTitles":["MultiSelect"],"failureMessages":[],"fullName":"MultiSelect Can be disabled","location":null,"status":"passed","title":"Can be disabled"},{"ancestorTitles":["MultiSelect"],"failureMessages":[],"fullName":"MultiSelect Can preselect specific options","location":null,"status":"passed","title":"Can preselect specific options"},{"ancestorTitles":["MultiSelect"],"failureMessages":[],"fullName":"MultiSelect Can open the options on button click","location":null,"status":"passed","title":"Can open the options on button click"},{"ancestorTitles":["MultiSelect"],"failureMessages":[],"fullName":"MultiSelect Can be a controlled component","location":null,"status":"passed","title":"Can be a controlled component"},{"ancestorTitles":["MultiSelect"],"failureMessages":[],"fullName":"MultiSelect Can filter results by contains search","location":null,"status":"passed","title":"Can filter results by contains search"},{"ancestorTitles":["MultiSelect"],"failureMessages":[],"fullName":"MultiSelect Can extend the css for the component","location":null,"status":"passed","title":"Can extend the css for the component"}],"endTime":1635427836173,"message":"","name":"C:\\git\\design-system\\libraries\\core-react\\src\\components\\Combobox\\Combobox.test.tsx","startTime":1635427793350,"status":"passed","summary":""},{"assertionResults":[{"ancestorTitles":["Accordion"],"failureMessages":[],"fullName":"Accordion Matches snapshot","location":null,"status":"passed","title":"Matches snapshot"},{"ancestorTitles":["Accordion"],"failureMessages":[],"fullName":"Accordion Expands items based on prop","location":null,"status":"passed","title":"Expands items based on prop"},{"ancestorTitles":["Accordion"],"failureMessages":[],"fullName":"Accordion Expands items on click","location":null,"status":"passed","title":"Expands items on click"},{"ancestorTitles":["Accordion"],"failureMessages":[],"fullName":"Accordion triggers onToggle callback","location":null,"status":"passed","title":"triggers onToggle callback"},{"ancestorTitles":["Accordion"],"failureMessages":[],"fullName":"Accordion Add custom icons","location":null,"status":"passed","title":"Add custom icons"},{"ancestorTitles":["Accordion"],"failureMessages":[],"fullName":"Accordion Add custom buttons","location":null,"status":"passed","title":"Add custom buttons"},{"ancestorTitles":["Accordion"],"failureMessages":[],"fullName":"Accordion Does not expand when clicking custom buttons","location":null,"status":"passed","title":"Does not expand when clicking custom buttons"}],"endTime":1635427835846,"message":"","name":"C:\\git\\design-system\\libraries\\core-react\\src\\components\\Accordion\\Accordion.test.tsx","startTime":1635427793350,"status":"passed","summary":""},{"assertionResults":[{"ancestorTitles":["Search"],"failureMessages":[],"fullName":"Search Matches snapshot","location":null,"status":"passed","title":"Matches snapshot"},{"ancestorTitles":["Search"],"failureMessages":[],"fullName":"Search Can extend the css for the component","location":null,"status":"passed","title":"Can extend the css for the component"},{"ancestorTitles":["Search"],"failureMessages":[],"fullName":"Search Has rendered provided value in input field","location":null,"status":"passed","title":"Has rendered provided value in input field"},{"ancestorTitles":["Search"],"failureMessages":[],"fullName":"Search Has called onChange once with event & new value, when value is changed","location":null,"status":"passed","title":"Has called onChange once with event & new value, when value is changed"},{"ancestorTitles":["Search"],"failureMessages":[],"fullName":"Search Has cleared value when clear button is clicked","location":null,"status":"passed","title":"Has cleared value when clear button is clicked"},{"ancestorTitles":["Search"],"failureMessages":[],"fullName":"Search Has called onFocus when search if focused","location":null,"status":"passed","title":"Has called onFocus when search if focused"},{"ancestorTitles":["Search"],"failureMessages":[],"fullName":"Search Has called onBlur when search if blured","location":null,"status":"passed","title":"Has called onBlur when search if blured"},{"ancestorTitles":["Search"],"failureMessages":[],"fullName":"Search Has new value, when value property is changed after first render","location":null,"status":"passed","title":"Has new value, when value property is changed after first render"}],"endTime":1635427836173,"message":"","name":"C:\\git\\design-system\\libraries\\core-react\\src\\components\\Search\\Search.test.tsx","startTime":1635427832209,"status":"passed","summary":""},{"assertionResults":[{"ancestorTitles":["Scrim"],"failureMessages":[],"fullName":"Scrim Matches snapshot","location":null,"status":"passed","title":"Matches snapshot"},{"ancestorTitles":["Scrim"],"failureMessages":[],"fullName":"Scrim Is dismissable with button click","location":null,"status":"passed","title":"Is dismissable with button click"},{"ancestorTitles":["Scrim"],"failureMessages":[],"fullName":"Scrim Is dismissable with Esc","location":null,"status":"passed","title":"Is dismissable with Esc"},{"ancestorTitles":["Scrim"],"failureMessages":[],"fullName":"Scrim Has correct style rules when visible","location":null,"status":"passed","title":"Has correct style rules when visible"},{"ancestorTitles":["Scrim"],"failureMessages":[],"fullName":"Scrim Can extend the css for the component","location":null,"status":"passed","title":"Can extend the css for the component"},{"ancestorTitles":["Scrim"],"failureMessages":[],"fullName":"Scrim Is scroll disabled when scrim is open","location":null,"status":"passed","title":"Is scroll disabled when scrim is open"},{"ancestorTitles":["Scrim"],"failureMessages":[],"fullName":"Scrim Is scroll enabled with Esc","location":null,"status":"passed","title":"Is scroll enabled with Esc"},{"ancestorTitles":["Scrim"],"failureMessages":[],"fullName":"Scrim Is scroll enabled with button click","location":null,"status":"passed","title":"Is scroll enabled with button click"}],"endTime":1635427838876,"message":"","name":"C:\\git\\design-system\\libraries\\core-react\\src\\components\\Scrim\\Scrim.test.tsx","startTime":1635427836669,"status":"passed","summary":""},{"assertionResults":[{"ancestorTitles":["Caption"],"failureMessages":[],"fullName":"Caption Renders a caption with provided text","location":null,"status":"passed","title":"Renders a caption with provided text"},{"ancestorTitles":["Caption"],"failureMessages":[],"fullName":"Caption Renders a table with caption, and caption-side set default to top","location":null,"status":"passed","title":"Renders a table with caption, and caption-side set default to top"},{"ancestorTitles":["Caption"],"failureMessages":[],"fullName":"Caption Renders a table with caption, and caption-side set to bottom","location":null,"status":"passed","title":"Renders a table with caption, and caption-side set to bottom"},{"ancestorTitles":["Table"],"failureMessages":[],"fullName":"Table Matches snapshot","location":null,"status":"passed","title":"Matches snapshot"},{"ancestorTitles":["Table"],"failureMessages":[],"fullName":"Table Can render a cell as a header cell","location":null,"status":"passed","title":"Can render a cell as a header cell"},{"ancestorTitles":["Table"],"failureMessages":[],"fullName":"Table Renders the header row visually different than the other rows by using a background colour","location":null,"status":"passed","title":"Renders the header row visually different than the other rows by using a background colour"},{"ancestorTitles":["Table"],"failureMessages":[],"fullName":"Table Adjusts font for better readability if the text is a number","location":null,"status":"passed","title":"Adjusts font for better readability if the text is a number"},{"ancestorTitles":["Table"],"failureMessages":[],"fullName":"Table Can extend the css for the component","location":null,"status":"passed","title":"Can extend the css for the component"},{"ancestorTitles":["Table"],"failureMessages":[],"fullName":"Table Has correct color on active row","location":null,"status":"passed","title":"Has correct color on active row"},{"ancestorTitles":["Table"],"failureMessages":[],"fullName":"Table Has correct color on error cell even when active","location":null,"status":"passed","title":"Has correct color on error cell even when active"},{"ancestorTitles":["Table"],"failureMessages":[],"fullName":"Table Has comfortable as default density","location":null,"status":"passed","title":"Has comfortable as default density"},{"ancestorTitles":["Table"],"failureMessages":[],"fullName":"Table Has compact density","location":null,"status":"passed","title":"Has compact density"},{"ancestorTitles":["Table"],"failureMessages":[],"fullName":"Table Has aria-sort when sort is provided","location":null,"status":"passed","title":"Has aria-sort when sort is provided"},{"ancestorTitles":["Table"],"failureMessages":[],"fullName":"Table Has active styling when sort is ascending or descending","location":null,"status":"passed","title":"Has active styling when sort is ascending or descending"}],"endTime":1635427839576,"message":"","name":"C:\\git\\design-system\\libraries\\core-react\\src\\components\\Table\\Table.test.tsx","startTime":1635427793350,"status":"passed","summary":""},{"assertionResults":[{"ancestorTitles":["Breadcrumbs"],"failureMessages":[],"fullName":"Breadcrumbs Matches snapshot","location":null,"status":"passed","title":"Matches snapshot"},{"ancestorTitles":["Breadcrumbs"],"failureMessages":[],"fullName":"Breadcrumbs has aria label","location":null,"status":"passed","title":"has aria label"},{"ancestorTitles":["Breadcrumbs"],"failureMessages":[],"fullName":"Breadcrumbs should render three normal breadcrumbs","location":null,"status":"passed","title":"should render three normal breadcrumbs"},{"ancestorTitles":["Breadcrumbs"],"failureMessages":[],"fullName":"Breadcrumbs should render ellipsis between first and last crumb when collapsed","location":null,"status":"passed","title":"should render ellipsis between first and last crumb when collapsed"},{"ancestorTitles":["Breadcrumbs"],"failureMessages":[],"fullName":"Breadcrumbs should expand from collapsed state when clicking the ellipsis","location":null,"status":"passed","title":"should expand from collapsed state when clicking the ellipsis"},{"ancestorTitles":["Breadcrumbs"],"failureMessages":[],"fullName":"Breadcrumbs should crop the labels and have tooltip on hover when maxWidth is defined","location":null,"status":"passed","title":"should crop the labels and have tooltip on hover when maxWidth is defined"},{"ancestorTitles":["Breadcrumbs"],"failureMessages":[],"fullName":"Breadcrumbs can extend the css for the component","location":null,"status":"passed","title":"can extend the css for the component"}],"endTime":1635427839764,"message":"","name":"C:\\git\\design-system\\libraries\\core-react\\src\\components\\Breadcrumbs\\Breadcrumbs.test.tsx","startTime":1635427835288,"status":"passed","summary":""},{"assertionResults":[{"ancestorTitles":["TextField"],"failureMessages":[],"fullName":"TextField Matches snapshot","location":null,"status":"passed","title":"Matches snapshot"},{"ancestorTitles":["TextField"],"failureMessages":[],"fullName":"TextField Has correct label text","location":null,"status":"passed","title":"Has correct label text"},{"ancestorTitles":["TextField"],"failureMessages":[],"fullName":"TextField Has correct default value","location":null,"status":"passed","title":"Has correct default value"},{"ancestorTitles":["TextField"],"failureMessages":[],"fullName":"TextField Has correct updated value when changed","location":null,"status":"passed","title":"Has correct updated value when changed"},{"ancestorTitles":["TextField"],"failureMessages":[],"fullName":"TextField Can have a helper text","location":null,"status":"passed","title":"Can have a helper text"},{"ancestorTitles":["TextField"],"failureMessages":[],"fullName":"TextField Can have an icon inside the input","location":null,"status":"passed","title":"Can have an icon inside the input"},{"ancestorTitles":["TextField"],"failureMessages":[],"fullName":"TextField Can have an icon by the helper text","location":null,"status":"passed","title":"Can have an icon by the helper text"},{"ancestorTitles":["TextField"],"failureMessages":[],"fullName":"TextField Can extend the css of the component","location":null,"status":"passed","title":"Can extend the css of the component"}],"endTime":1635427839336,"message":"","name":"C:\\git\\design-system\\libraries\\core-react\\src\\components\\TextField\\TextField.test.tsx","startTime":1635427837041,"status":"passed","summary":""},{"assertionResults":[{"ancestorTitles":["Button"],"failureMessages":[],"fullName":"Button Matches snapshot","location":null,"status":"passed","title":"Matches snapshot"},{"ancestorTitles":["Button"],"failureMessages":[],"fullName":"Button Has provided icon when variant is icon","location":null,"status":"passed","title":"Has provided icon when variant is icon"},{"ancestorTitles":["Button"],"failureMessages":[],"fullName":"Button Can extend the css for the component","location":null,"status":"passed","title":"Can extend the css for the component"},{"ancestorTitles":["Button"],"failureMessages":[],"fullName":"Button onSubmit is called one time when used in form","location":null,"status":"passed","title":"onSubmit is called one time when used in form"},{"ancestorTitles":["Button"],"failureMessages":[],"fullName":"Button onSubmit is ignored in form by default","location":null,"status":"passed","title":"onSubmit is ignored in form by default"},{"ancestorTitles":["Button"],"failureMessages":[],"fullName":"Button Has provided icon when icon and text is defined","location":null,"status":"passed","title":"Has provided icon when icon and text is defined"},{"ancestorTitles":["Button"],"failureMessages":[],"fullName":"Button Renders as a link when href prop is defined","location":null,"status":"passed","title":"Renders as a link when href prop is defined"},{"ancestorTitles":["Button"],"failureMessages":[],"fullName":"Button Can change margins","location":null,"status":"passed","title":"Can change margins"}],"endTime":1635427839960,"message":"","name":"C:\\git\\design-system\\libraries\\core-react\\src\\components\\Button\\Button.test.tsx","startTime":1635427837630,"status":"passed","summary":""},{"assertionResults":[{"ancestorTitles":["TopBar"],"failureMessages":[],"fullName":"TopBar Matches snapshot","location":null,"status":"passed","title":"Matches snapshot"},{"ancestorTitles":["TopBar"],"failureMessages":[],"fullName":"TopBar Has correct height","location":null,"status":"passed","title":"Has correct height"},{"ancestorTitles":["TopBar"],"failureMessages":[],"fullName":"TopBar Has all provided content","location":null,"status":"passed","title":"Has all provided content"},{"ancestorTitles":["TopBar"],"failureMessages":[],"fullName":"TopBar Has provided title","location":null,"status":"passed","title":"Has provided title"},{"ancestorTitles":["TopBar"],"failureMessages":[],"fullName":"TopBar Has sticky position in container","location":null,"status":"passed","title":"Has sticky position in container"},{"ancestorTitles":["TopBar"],"failureMessages":[],"fullName":"TopBar Can extend the css for the component","location":null,"status":"passed","title":"Can extend the css for the component"}],"endTime":1635427841082,"message":"","name":"C:\\git\\design-system\\libraries\\core-react\\src\\components\\TopBar\\TopBar.test.tsx","startTime":1635427839220,"status":"passed","summary":""},{"assertionResults":[{"ancestorTitles":["Popover"],"failureMessages":[],"fullName":"Popover Matches snapshot","location":null,"status":"passed","title":"Matches snapshot"},{"ancestorTitles":["Popover"],"failureMessages":[],"fullName":"Popover can extend the css for the component","location":null,"status":"passed","title":"can extend the css for the component"},{"ancestorTitles":["Popover"],"failureMessages":[],"fullName":"Popover is visible when open is true & anchorEl is set","location":null,"status":"passed","title":"is visible when open is true & anchorEl is set"},{"ancestorTitles":["Popover"],"failureMessages":[],"fullName":"Popover has rendered Popover Title","location":null,"status":"passed","title":"has rendered Popover Title"},{"ancestorTitles":["Popover"],"failureMessages":[],"fullName":"Popover has rendered Popover Content","location":null,"status":"passed","title":"has rendered Popover Content"},{"ancestorTitles":["Popover"],"failureMessages":[],"fullName":"Popover has called onClose when close button is clicked","location":null,"status":"passed","title":"has called onClose when close button is clicked"},{"ancestorTitles":["Popover"],"failureMessages":[],"fullName":"Popover doesn't crash if no children is provided to Popover component","location":null,"status":"passed","title":"doesn't crash if no children is provided to Popover component"},{"ancestorTitles":["Popover"],"failureMessages":[],"fullName":"Popover doesn't crash if Popover Content children is undefined","location":null,"status":"passed","title":"doesn't crash if Popover Content children is undefined"},{"ancestorTitles":["Popover"],"failureMessages":[],"fullName":"Popover doesn't crash if Popover Title children is undefined","location":null,"status":"passed","title":"doesn't crash if Popover Title children is undefined"}],"endTime":1635427842789,"message":"","name":"C:\\git\\design-system\\libraries\\core-react\\src\\components\\Popover\\Popover.test.tsx","startTime":1635427835857,"status":"passed","summary":""},{"assertionResults":[{"ancestorTitles":["Banner"],"failureMessages":[],"fullName":"Banner Matches snapshot","location":null,"status":"passed","title":"Matches snapshot"},{"ancestorTitles":["Banner"],"failureMessages":[],"fullName":"Banner Can extend the css for the component","location":null,"status":"passed","title":"Can extend the css for the component"},{"ancestorTitles":["Banner"],"failureMessages":[],"fullName":"Banner Has provided Message","location":null,"status":"passed","title":"Has provided Message"},{"ancestorTitles":["Banner"],"failureMessages":[],"fullName":"Banner Has provided Icon","location":null,"status":"passed","title":"Has provided Icon"},{"ancestorTitles":["Banner"],"failureMessages":[],"fullName":"Banner Has provided Actions","location":null,"status":"passed","title":"Has provided Actions"},{"ancestorTitles":["Banner"],"failureMessages":[],"fullName":"Banner Has correct default icon styling as info color","location":null,"status":"passed","title":"Has correct default icon styling as info color"},{"ancestorTitles":["Banner"],"failureMessages":[],"fullName":"Banner Has correct warning icon styling","location":null,"status":"passed","title":"Has correct warning icon styling"}],"endTime":1635427841511,"message":"","name":"C:\\git\\design-system\\libraries\\core-react\\src\\components\\Banner\\Banner.test.tsx","startTime":1635427833823,"status":"passed","summary":""},{"assertionResults":[{"ancestorTitles":["Input"],"failureMessages":[],"fullName":"Input Matches snapshot","location":null,"status":"passed","title":"Matches snapshot"},{"ancestorTitles":["Input"],"failureMessages":[],"fullName":"Input Has correct default value","location":null,"status":"passed","title":"Has correct default value"},{"ancestorTitles":["Input"],"failureMessages":[],"fullName":"Input Has correct outline on input when variant is success","location":null,"status":"passed","title":"Has correct outline on input when variant is success"},{"ancestorTitles":["Input"],"failureMessages":[],"fullName":"Input Has correct outline on input when variant is warning","location":null,"status":"passed","title":"Has correct outline on input when variant is warning"},{"ancestorTitles":["Input"],"failureMessages":[],"fullName":"Input Has correct outline on input when variant is error","location":null,"status":"passed","title":"Has correct outline on input when variant is error"},{"ancestorTitles":["Input"],"failureMessages":[],"fullName":"Input Can extend the css of the component","location":null,"status":"passed","title":"Can extend the css of the component"}],"endTime":1635427841911,"message":"","name":"C:\\git\\design-system\\libraries\\core-react\\src\\components\\Input\\Input.test.tsx","startTime":1635427840188,"status":"passed","summary":""},{"assertionResults":[{"ancestorTitles":["Snackbar"],"failureMessages":[],"fullName":"Snackbar Matches snapshot","location":null,"status":"passed","title":"Matches snapshot"},{"ancestorTitles":["Snackbar"],"failureMessages":[],"fullName":"Snackbar Can extend the css for the component","location":null,"status":"passed","title":"Can extend the css for the component"},{"ancestorTitles":["Snackbar"],"failureMessages":[],"fullName":"Snackbar Sets the message","location":null,"status":"passed","title":"Sets the message"},{"ancestorTitles":["Snackbar"],"failureMessages":[],"fullName":"Snackbar Is only visible when the open prop is true","location":null,"status":"passed","title":"Is only visible when the open prop is true"},{"ancestorTitles":["Snackbar"],"failureMessages":[],"fullName":"Snackbar Disappears automatically after a provided timeout","location":null,"status":"passed","title":"Disappears automatically after a provided timeout"},{"ancestorTitles":["Snackbar"],"failureMessages":[],"fullName":"Snackbar Can have one button attached","location":null,"status":"passed","title":"Can have one button attached"},{"ancestorTitles":["Snackbar"],"failureMessages":[],"fullName":"Snackbar Placement prop is placing the snackbar as expected","location":null,"status":"passed","title":"Placement prop is placing the snackbar as expected"}],"endTime":1635427843803,"message":"","name":"C:\\git\\design-system\\libraries\\core-react\\src\\components\\Snackbar\\Snackbar.test.tsx","startTime":1635427840989,"status":"passed","summary":""},{"assertionResults":[{"ancestorTitles":["CircularProgress"],"failureMessages":[],"fullName":"CircularProgress Matches snapshot","location":null,"status":"passed","title":"Matches snapshot"},{"ancestorTitles":["CircularProgress"],"failureMessages":[],"fullName":"CircularProgress has correct aria values when variant is \"determinate\"","location":null,"status":"passed","title":"has correct aria values when variant is \"determinate\""},{"ancestorTitles":["CircularProgress"],"failureMessages":[],"fullName":"CircularProgress can extend the css for the component","location":null,"status":"passed","title":"can extend the css for the component"},{"ancestorTitles":["CircularProgress"],"failureMessages":[],"fullName":"CircularProgress has primary as default color","location":null,"status":"passed","title":"has primary as default color"},{"ancestorTitles":["CircularProgress"],"failureMessages":[],"fullName":"CircularProgress has correct neutral color","location":null,"status":"passed","title":"has correct neutral color"},{"ancestorTitles":["CircularProgress"],"failureMessages":[],"fullName":"CircularProgress has correct default size of 48x48","location":null,"status":"passed","title":"has correct default size of 48x48"},{"ancestorTitles":["CircularProgress"],"failureMessages":[],"fullName":"CircularProgress has correct size when set to 16","location":null,"status":"passed","title":"has correct size when set to 16"}],"endTime":1635427843761,"message":"","name":"C:\\git\\design-system\\libraries\\core-react\\src\\components\\Progress\\Circular\\CircularProgress.test.tsx","startTime":1635427842108,"status":"passed","summary":""},{"assertionResults":[{"ancestorTitles":["Dialog"],"failureMessages":[],"fullName":"Dialog Matches snapshot","location":null,"status":"passed","title":"Matches snapshot"},{"ancestorTitles":["Dialog"],"failureMessages":[],"fullName":"Dialog Has all provided content","location":null,"status":"passed","title":"Has all provided content"},{"ancestorTitles":["Dialog"],"failureMessages":[],"fullName":"Dialog Has scrollable content when scrollable props is present","location":null,"status":"passed","title":"Has scrollable content when scrollable props is present"},{"ancestorTitles":["Dialog"],"failureMessages":[],"fullName":"Dialog Can extend the css for the component","location":null,"status":"passed","title":"Can extend the css for the component"}],"endTime":1635427844388,"message":"","name":"C:\\git\\design-system\\libraries\\core-react\\src\\components\\Dialog\\Dialog.test.tsx","startTime":1635427842552,"status":"passed","summary":""},{"assertionResults":[{"ancestorTitles":["Typography"],"failureMessages":[],"fullName":"Typography Matches snapshot","location":null,"status":"passed","title":"Matches snapshot"},{"ancestorTitles":["Typography"],"failureMessages":[],"fullName":"Typography throws error when variant is wrong","location":null,"status":"passed","title":"throws error when variant is wrong"},{"ancestorTitles":["Typography"],"failureMessages":[],"fullName":"Typography uses provided typography token","location":null,"status":"passed","title":"uses provided typography token"},{"ancestorTitles":["Typography"],"failureMessages":[],"fullName":"Typography has correct styling when variant is set with primary color","location":null,"status":"passed","title":"has correct styling when variant is set with primary color"},{"ancestorTitles":["Typography"],"failureMessages":[],"fullName":"Typography has correct styling when variant is set & tweaked with token","location":null,"status":"passed","title":"has correct styling when variant is set & tweaked with token"},{"ancestorTitles":["Typography"],"failureMessages":[],"fullName":"Typography has correct styling when variant is set","location":null,"status":"passed","title":"has correct styling when variant is set"},{"ancestorTitles":["Typography"],"failureMessages":[],"fullName":"Typography has correct styling when variant & group is set","location":null,"status":"passed","title":"has correct styling when variant & group is set"},{"ancestorTitles":["Typography"],"failureMessages":[],"fullName":"Typography has correct styling when variant is set with bold & italic","location":null,"status":"passed","title":"has correct styling when variant is set with bold & italic"},{"ancestorTitles":["Typography"],"failureMessages":[],"fullName":"Typography has correct element type & styling when link is set","location":null,"status":"passed","title":"has correct element type & styling when link is set"},{"ancestorTitles":["Typography"],"failureMessages":[],"fullName":"Typography has correct element type when \"as\" is set","location":null,"status":"passed","title":"has correct element type when \"as\" is set"},{"ancestorTitles":["Typography"],"failureMessages":[],"fullName":"Typography can extend the css for the component","location":null,"status":"passed","title":"can extend the css for the component"},{"ancestorTitles":["Typography"],"failureMessages":[],"fullName":"Typography links get attribute data-focus-visible-added when focused","location":null,"status":"passed","title":"links get attribute data-focus-visible-added when focused"}],"endTime":1635427844902,"message":"","name":"C:\\git\\design-system\\libraries\\core-react\\src\\components\\Typography\\Typography.test.tsx","startTime":1635427793350,"status":"passed","summary":""},{"assertionResults":[{"ancestorTitles":["Icon"],"failureMessages":[],"fullName":"Icon Matches snapshot using data","location":null,"status":"passed","title":"Matches snapshot using data"},{"ancestorTitles":["Icon"],"failureMessages":[],"fullName":"Icon Matches snapshot using name ","location":null,"status":"passed","title":"Matches snapshot using name "},{"ancestorTitles":["Icon"],"failureMessages":[],"fullName":"Icon Has correct svg data","location":null,"status":"passed","title":"Has correct svg data"},{"ancestorTitles":["Icon"],"failureMessages":[],"fullName":"Icon Has correct svg data when using data property","location":null,"status":"passed","title":"Has correct svg data when using data property"},{"ancestorTitles":["Icon"],"failureMessages":[],"fullName":"Icon Has correct color","location":null,"status":"passed","title":"Has correct color"},{"ancestorTitles":["Icon"],"failureMessages":[],"fullName":"Icon Has correct size","location":null,"status":"passed","title":"Has correct size"},{"ancestorTitles":["Icon"],"failureMessages":[],"fullName":"Icon Has correct elements when using title","location":null,"status":"passed","title":"Has correct elements when using title"},{"ancestorTitles":["Icon"],"failureMessages":[],"fullName":"Icon Can extend the css for the component","location":null,"status":"passed","title":"Can extend the css for the component"}],"endTime":1635427845156,"message":"","name":"C:\\git\\design-system\\libraries\\core-react\\src\\components\\Icon\\Icon.test.tsx","startTime":1635427843891,"status":"passed","summary":""},{"assertionResults":[{"ancestorTitles":["Checkbox"],"failureMessages":[],"fullName":"Checkbox Matches snapshot","location":null,"status":"passed","title":"Matches snapshot"},{"ancestorTitles":["Checkbox"],"failureMessages":[],"fullName":"Checkbox Can extend the css for the component","location":null,"status":"passed","title":"Can extend the css for the component"},{"ancestorTitles":["Checkbox"],"failureMessages":[],"fullName":"Checkbox Has provided label","location":null,"status":"passed","title":"Has provided label"},{"ancestorTitles":["Checkbox"],"failureMessages":[],"fullName":"Checkbox Can be selected","location":null,"status":"passed","title":"Can be selected"},{"ancestorTitles":["Checkbox"],"failureMessages":[],"fullName":"Checkbox Can be a controlled component","location":null,"status":"passed","title":"Can be a controlled component"},{"ancestorTitles":["Checkbox"],"failureMessages":[],"fullName":"Checkbox Can be disabeld","location":null,"status":"passed","title":"Can be disabeld"}],"endTime":1635427845383,"message":"","name":"C:\\git\\design-system\\libraries\\core-react\\src\\components\\Checkbox\\Checkbox.test.tsx","startTime":1635427843286,"status":"passed","summary":""},{"assertionResults":[{"ancestorTitles":["Pagination"],"failureMessages":[],"fullName":"Pagination Matches snapshot","location":null,"status":"passed","title":"Matches snapshot"},{"ancestorTitles":["Pagination"],"failureMessages":[],"fullName":"Pagination can extend the css for the component","location":null,"status":"passed","title":"can extend the css for the component"},{"ancestorTitles":["Pagination"],"failureMessages":[],"fullName":"Pagination has aria label","location":null,"status":"passed","title":"has aria label"},{"ancestorTitles":["Pagination"],"failureMessages":[],"fullName":"Pagination has aria label on pages","location":null,"status":"passed","title":"has aria label on pages"},{"ancestorTitles":["Pagination"],"failureMessages":[],"fullName":"Pagination should render correct number of pages","location":null,"status":"passed","title":"should render correct number of pages"},{"ancestorTitles":["Pagination"],"failureMessages":[],"fullName":"Pagination should render ellipsis if number of pages is larger than 7","location":null,"status":"passed","title":"should render ellipsis if number of pages is larger than 7"},{"ancestorTitles":["Pagination"],"failureMessages":[],"fullName":"Pagination should render two ellipsises if number of pages is larger than 9 and default page is 5","location":null,"status":"passed","title":"should render two ellipsises if number of pages is larger than 9 and default page is 5"},{"ancestorTitles":["Pagination"],"failureMessages":[],"fullName":"Pagination should render next and previous buttons","location":null,"status":"passed","title":"should render next and previous buttons"}],"endTime":1635427846775,"message":"","name":"C:\\git\\design-system\\libraries\\core-react\\src\\components\\Pagination\\Pagination.test.tsx","startTime":1635427841484,"status":"passed","summary":""},{"assertionResults":[{"ancestorTitles":["Divider"],"failureMessages":[],"fullName":"Divider Matches snapshot","location":null,"status":"passed","title":"Matches snapshot"},{"ancestorTitles":["Divider"],"failureMessages":[],"fullName":"Divider Has medium colour and medium spacing as default","location":null,"status":"passed","title":"Has medium colour and medium spacing as default"},{"ancestorTitles":["Divider"],"failureMessages":[],"fullName":"Divider Sets backgroundColor to light according to color prop","location":null,"status":"passed","title":"Sets backgroundColor to light according to color prop"},{"ancestorTitles":["Divider"],"failureMessages":[],"fullName":"Divider Sets backgroundColor to lighter according to color prop","location":null,"status":"passed","title":"Sets backgroundColor to lighter according to color prop"},{"ancestorTitles":["Divider"],"failureMessages":[],"fullName":"Divider Sets topMargin to small according to variant prop","location":null,"status":"passed","title":"Sets topMargin to small according to variant prop"},{"ancestorTitles":["Divider"],"failureMessages":[],"fullName":"Divider Can extend the css for the component","location":null,"status":"passed","title":"Can extend the css for the component"}],"endTime":1635427846116,"message":"","name":"C:\\git\\design-system\\libraries\\core-react\\src\\components\\Divider\\Divider.test.tsx","startTime":1635427844893,"status":"passed","summary":""},{"assertionResults":[{"ancestorTitles":["Radio"],"failureMessages":[],"fullName":"Radio Matches snapshot","location":null,"status":"passed","title":"Matches snapshot"},{"ancestorTitles":["Radio"],"failureMessages":[],"fullName":"Radio Can extend the css for the component","location":null,"status":"passed","title":"Can extend the css for the component"},{"ancestorTitles":["Radio"],"failureMessages":[],"fullName":"Radio Has provided label","location":null,"status":"passed","title":"Has provided label"},{"ancestorTitles":["Radio"],"failureMessages":[],"fullName":"Radio Can be selected","location":null,"status":"passed","title":"Can be selected"},{"ancestorTitles":["Radio"],"failureMessages":[],"fullName":"Radio Can be a controlled component","location":null,"status":"passed","title":"Can be a controlled component"},{"ancestorTitles":["Radio"],"failureMessages":[],"fullName":"Radio Can be used in a group","location":null,"status":"passed","title":"Can be used in a group"},{"ancestorTitles":["Radio"],"failureMessages":[],"fullName":"Radio Can be disabled","location":null,"status":"passed","title":"Can be disabled"}],"endTime":1635427846500,"message":"","name":"C:\\git\\design-system\\libraries\\core-react\\src\\components\\Radio\\Radio.test.tsx","startTime":1635427839840,"status":"passed","summary":""},{"assertionResults":[{"ancestorTitles":["Lists"],"failureMessages":[],"fullName":"Lists Matches snapshot","location":null,"status":"passed","title":"Matches snapshot"},{"ancestorTitles":["Lists"],"failureMessages":[],"fullName":"Lists Renders an unordered list by default","location":null,"status":"passed","title":"Renders an unordered list by default"},{"ancestorTitles":["Lists"],"failureMessages":[],"fullName":"Lists Renders an unordered list with variant bullet","location":null,"status":"passed","title":"Renders an unordered list with variant bullet"},{"ancestorTitles":["Lists"],"failureMessages":[],"fullName":"Lists Renders an ordered list with variant numbered","location":null,"status":"passed","title":"Renders an ordered list with variant numbered"},{"ancestorTitles":["Lists"],"failureMessages":[],"fullName":"Lists Can extend the css for the component","location":null,"status":"passed","title":"Can extend the css for the component"},{"ancestorTitles":["Lists"],"failureMessages":[],"fullName":"Lists Has start attribute if list variant is numbered","location":null,"status":"passed","title":"Has start attribute if list variant is numbered"}],"endTime":1635427846749,"message":"","name":"C:\\git\\design-system\\libraries\\core-react\\src\\components\\List\\List.test.tsx","startTime":1635427845237,"status":"passed","summary":""},{"assertionResults":[{"ancestorTitles":["DotProgress"],"failureMessages":[],"fullName":"DotProgress Matches snapshot","location":null,"status":"passed","title":"Matches snapshot"},{"ancestorTitles":["DotProgress"],"failureMessages":[],"fullName":"DotProgress should render neutral as default","location":null,"status":"passed","title":"should render neutral as default"},{"ancestorTitles":["DotProgress"],"failureMessages":[],"fullName":"DotProgress should render primary color if stated in props","location":null,"status":"passed","title":"should render primary color if stated in props"},{"ancestorTitles":["DotProgress"],"failureMessages":[],"fullName":"DotProgress can extend the css for the component","location":null,"status":"passed","title":"can extend the css for the component"},{"ancestorTitles":["DotProgress"],"failureMessages":[],"fullName":"DotProgress has correct default size ","location":null,"status":"passed","title":"has correct default size "},{"ancestorTitles":["DotProgress"],"failureMessages":[],"fullName":"DotProgress has correct size when size is 64","location":null,"status":"passed","title":"has correct size when size is 64"}],"endTime":1635427847207,"message":"","name":"C:\\git\\design-system\\libraries\\core-react\\src\\components\\Progress\\Dots\\DotProgress.test.tsx","startTime":1635427845858,"status":"passed","summary":""},{"assertionResults":[{"ancestorTitles":["Switch"],"failureMessages":[],"fullName":"Switch Matches snapshot","location":null,"status":"passed","title":"Matches snapshot"},{"ancestorTitles":["Switch"],"failureMessages":[],"fullName":"Switch Can extend the css for the component","location":null,"status":"passed","title":"Can extend the css for the component"},{"ancestorTitles":["Switch"],"failureMessages":[],"fullName":"Switch Has provided label","location":null,"status":"passed","title":"Has provided label"},{"ancestorTitles":["Switch"],"failureMessages":[],"fullName":"Switch Can be turned on and off","location":null,"status":"passed","title":"Can be turned on and off"},{"ancestorTitles":["Switch"],"failureMessages":[],"fullName":"Switch Has a small version","location":null,"status":"passed","title":"Has a small version"},{"ancestorTitles":["Switch"],"failureMessages":[],"fullName":"Switch Can be disabled","location":null,"status":"passed","title":"Can be disabled"},{"ancestorTitles":["Switch"],"failureMessages":[],"fullName":"Switch Can be set as default on without being a controlled component","location":null,"status":"passed","title":"Can be set as default on without being a controlled component"}],"endTime":1635427847304,"message":"","name":"C:\\git\\design-system\\libraries\\core-react\\src\\components\\Switch\\Switch.test.tsx","startTime":1635427844477,"status":"passed","summary":""},{"assertionResults":[{"ancestorTitles":["TableOfContents"],"failureMessages":[],"fullName":"TableOfContents Matches snapshot","location":null,"status":"passed","title":"Matches snapshot"},{"ancestorTitles":["TableOfContents"],"failureMessages":[],"fullName":"TableOfContents Can extend the css for the component","location":null,"status":"passed","title":"Can extend the css for the component"},{"ancestorTitles":["TableOfContents"],"failureMessages":[],"fullName":"TableOfContents Can have fixed position in container","location":null,"status":"passed","title":"Can have fixed position in container"},{"ancestorTitles":["TableOfContents"],"failureMessages":[],"fullName":"TableOfContents Has provided label","location":null,"status":"passed","title":"Has provided label"},{"ancestorTitles":["TableOfContents"],"failureMessages":[],"fullName":"TableOfContents Has all provided content","location":null,"status":"passed","title":"Has all provided content"}],"endTime":1635427847305,"message":"","name":"C:\\git\\design-system\\libraries\\core-react\\src\\components\\TableOfContents\\TableOfContents.test.tsx","startTime":1635427845576,"status":"passed","summary":""},{"assertionResults":[{"ancestorTitles":["Tooltip"],"failureMessages":[],"fullName":"Tooltip Matches snapshot","location":null,"status":"passed","title":"Matches snapshot"},{"ancestorTitles":["Tooltip"],"failureMessages":[],"fullName":"Tooltip can extend the css for the component","location":null,"status":"passed","title":"can extend the css for the component"},{"ancestorTitles":["Tooltip"],"failureMessages":[],"fullName":"Tooltip is visible when content is being hovered","location":null,"status":"passed","title":"is visible when content is being hovered"},{"ancestorTitles":["Tooltip"],"failureMessages":[],"fullName":"Tooltip renders with a correct title","location":null,"status":"passed","title":"renders with a correct title"},{"ancestorTitles":["Tooltip"],"failureMessages":[],"fullName":"Tooltip renders on focus","location":null,"status":"passed","title":"renders on focus"},{"ancestorTitles":["Tooltip"],"failureMessages":[],"fullName":"Tooltip shows after correct delay","location":null,"status":"passed","title":"shows after correct delay"},{"ancestorTitles":["Tooltip"],"failureMessages":[],"fullName":"Tooltip child onFocus is called when focusd","location":null,"status":"passed","title":"child onFocus is called when focusd"}],"endTime":1635427848818,"message":"","name":"C:\\git\\design-system\\libraries\\core-react\\src\\components\\Tooltip\\Tooltip.test.tsx","startTime":1635427836255,"status":"passed","summary":""},{"assertionResults":[{"ancestorTitles":["Avatar"],"failureMessages":[],"fullName":"Avatar Matches snapshot","location":null,"status":"passed","title":"Matches snapshot"},{"ancestorTitles":["Avatar"],"failureMessages":[],"fullName":"Avatar Can extend the css for the component","location":null,"status":"passed","title":"Can extend the css for the component"},{"ancestorTitles":["Avatar"],"failureMessages":[],"fullName":"Avatar Image has provided src","location":null,"status":"passed","title":"Image has provided src"},{"ancestorTitles":["Avatar"],"failureMessages":[],"fullName":"Avatar Has correct size","location":null,"status":"passed","title":"Has correct size"},{"ancestorTitles":["Avatar"],"failureMessages":[],"fullName":"Avatar Has faded image when disabled","location":null,"status":"passed","title":"Has faded image when disabled"}],"endTime":1635427847822,"message":"","name":"C:\\git\\design-system\\libraries\\core-react\\src\\components\\Avatar\\Avatar.test.tsx","startTime":1635427846594,"status":"passed","summary":""},{"assertionResults":[{"ancestorTitles":["StarProgress"],"failureMessages":[],"fullName":"StarProgress Matches snapshot","location":null,"status":"passed","title":"Matches snapshot"},{"ancestorTitles":["StarProgress"],"failureMessages":[],"fullName":"StarProgress has correct aria values when variant is \"determinate\"","location":null,"status":"passed","title":"has correct aria values when variant is \"determinate\""},{"ancestorTitles":["StarProgress"],"failureMessages":[],"fullName":"StarProgress can extend the css for the component","location":null,"status":"passed","title":"can extend the css for the component"},{"ancestorTitles":["StarProgress"],"failureMessages":[],"fullName":"StarProgress has correct default width ","location":null,"status":"passed","title":"has correct default width "},{"ancestorTitles":["StarProgress"],"failureMessages":[],"fullName":"StarProgress has correct width when size is 16","location":null,"status":"passed","title":"has correct width when size is 16"}],"endTime":1635427848146,"message":"","name":"C:\\git\\design-system\\libraries\\core-react\\src\\components\\Progress\\Star\\StarProgress.test.tsx","startTime":1635427847007,"status":"passed","summary":""},{"assertionResults":[{"ancestorTitles":["SideSheet"],"failureMessages":[],"fullName":"SideSheet Matches snapshot","location":null,"status":"passed","title":"Matches snapshot"},{"ancestorTitles":["SideSheet"],"failureMessages":[],"fullName":"SideSheet Has correct width","location":null,"status":"passed","title":"Has correct width"},{"ancestorTitles":["SideSheet"],"failureMessages":[],"fullName":"SideSheet Has provided necessary props","location":null,"status":"passed","title":"Has provided necessary props"},{"ancestorTitles":["SideSheet"],"failureMessages":[],"fullName":"SideSheet Can extend the css for the component","location":null,"status":"passed","title":"Can extend the css for the component"}],"endTime":1635427848567,"message":"","name":"C:\\git\\design-system\\libraries\\core-react\\src\\components\\SideSheet\\SideSheet.test.tsx","startTime":1635427847298,"status":"passed","summary":""},{"assertionResults":[{"ancestorTitles":["Label"],"failureMessages":[],"fullName":"Label Matches snapshot","location":null,"status":"passed","title":"Matches snapshot"},{"ancestorTitles":["Label"],"failureMessages":[],"fullName":"Label Has correct label text","location":null,"status":"passed","title":"Has correct label text"},{"ancestorTitles":["Label"],"failureMessages":[],"fullName":"Label Can add a meta text","location":null,"status":"passed","title":"Can add a meta text"},{"ancestorTitles":["Label"],"failureMessages":[],"fullName":"Label Can extend the css of the component","location":null,"status":"passed","title":"Can extend the css of the component"}],"endTime":1635427848546,"message":"","name":"C:\\git\\design-system\\libraries\\core-react\\src\\components\\Label\\Label.test.tsx","startTime":1635427847598,"status":"passed","summary":""},{"assertionResults":[{"ancestorTitles":["LinearProgress "],"failureMessages":[],"fullName":"LinearProgress  Matches snapshot","location":null,"status":"passed","title":"Matches snapshot"},{"ancestorTitles":["LinearProgress "],"failureMessages":[],"fullName":"LinearProgress  has coorect aria values when variant is \"determinate\"","location":null,"status":"passed","title":"has coorect aria values when variant is \"determinate\""},{"ancestorTitles":["LinearProgress "],"failureMessages":[],"fullName":"LinearProgress  can extend the css for the component","location":null,"status":"passed","title":"can extend the css for the component"}],"endTime":1635427848698,"message":"","name":"C:\\git\\design-system\\libraries\\core-react\\src\\components\\Progress\\Linear\\LinearProgress.test.tsx","startTime":1635427847847,"status":"passed","summary":""}],"wasInterrupted":false}